Microsoft HTML Help Compiler 4.74.8702

Compiling h:\Java Files\workspace\FelixGame\assets\Help\TmpHtml\FelixHelpMenu.chm

about.html
menus.html
game.html
gameplay2.html
wordsearch.html
oceanlevels.html
gettingahighscore.html
hintsandtips.html
help.png
nexttopic.png
prevtopic.png
FelixHelpMenu.hhc
FelixHelpMenu.hhk
about11.jpg
menus14.jpg
menus15.jpg
menus16.jpg
gameplay27.jpg
wordsearch79.jpg
wordsearch80.jpg
wordsearch81.jpg
wordsearch82.jpg
wordsearch83.jpg
wordsearch84.jpg
oceanlevels37.jpg
oceanlevels46.jpg
oceanlevels47.jpg
oceanlevels50.jpg
gettingahighscore6.jpg
skyblue.css
globalstyles.css
about14.tif
game7.tif
oceanlevels44.tif
oceanlevels45.tif
oceanlevels48.tif
oceanlevels49.tif

Compile time: 0 minutes, 2 seconds
10	Topics
44	Local links
0	Internet links
16	Graphics


Created h:\Java Files\workspace\FelixGame\assets\Help\TmpHtml\FelixHelpMenu.chm, 848,920 bytes
Compression decreased file by 62,775 bytes.
